{"C:\\Users\\daniel\\code\\school\\syncopate\\client\\src\\sessionService.js": {"path":"C:\\Users\\daniel\\code\\school\\syncopate\\client\\src\\sessionService.js","statementMap":{"0":{"start":{"line":13,"column":15},"end":{"line":13,"column":50}},"1":{"start":{"line":21,"column":8},"end":{"line":21,"column":25}},"2":{"start":{"line":29,"column":8},"end":{"line":29,"column":21}},"3":{"start":{"line":36,"column":8},"end":{"line":36,"column":38}},"4":{"start":{"line":37,"column":8},"end":{"line":39,"column":11}},"5":{"start":{"line":38,"column":12},"end":{"line":38,"column":28}},"6":{"start":{"line":47,"column":8},"end":{"line":47,"column":25}},"7":{"start":{"line":48,"column":8},"end":{"line":48,"column":42}},"8":{"start":{"line":49,"column":8},"end":{"line":51,"column":11}},"9":{"start":{"line":50,"column":12},"end":{"line":50,"column":24}},"10":{"start":{"line":60,"column":8},"end":{"line":60,"column":52}},"11":{"start":{"line":61,"column":8},"end":{"line":63,"column":11}},"12":{"start":{"line":62,"column":12},"end":{"line":62,"column":30}}},"fnMap":{"0":{"name":"(anonymous_0)","decl":{"start":{"line":20,"column":4},"end":{"line":20,"column":5}},"loc":{"start":{"line":20,"column":19},"end":{"line":22,"column":5}},"line":20},"1":{"name":"(anonymous_1)","decl":{"start":{"line":28,"column":4},"end":{"line":28,"column":5}},"loc":{"start":{"line":28,"column":15},"end":{"line":30,"column":5}},"line":28},"2":{"name":"(anonymous_2)","decl":{"start":{"line":35,"column":4},"end":{"line":35,"column":5}},"loc":{"start":{"line":35,"column":20},"end":{"line":40,"column":5}},"line":35},"3":{"name":"(anonymous_3)","decl":{"start":{"line":37,"column":36},"end":{"line":37,"column":37}},"loc":{"start":{"line":37,"column":45},"end":{"line":39,"column":9}},"line":37},"4":{"name":"(anonymous_4)","decl":{"start":{"line":46,"column":4},"end":{"line":46,"column":5}},"loc":{"start":{"line":46,"column":22},"end":{"line":52,"column":5}},"line":46},"5":{"name":"(anonymous_5)","decl":{"start":{"line":49,"column":34},"end":{"line":49,"column":35}},"loc":{"start":{"line":49,"column":43},"end":{"line":51,"column":9}},"line":49},"6":{"name":"(anonymous_6)","decl":{"start":{"line":59,"column":4},"end":{"line":59,"column":5}},"loc":{"start":{"line":59,"column":41},"end":{"line":64,"column":5}},"line":59},"7":{"name":"(anonymous_7)","decl":{"start":{"line":61,"column":36},"end":{"line":61,"column":37}},"loc":{"start":{"line":61,"column":46},"end":{"line":63,"column":9}},"line":61}},"branchMap":{},"s":{"0":7,"1":2,"2":1,"3":2,"4":2,"5":0,"6":0,"7":0,"8":0,"9":0,"10":0,"11":0,"12":0},"f":{"0":2,"1":1,"2":2,"3":0,"4":0,"5":0,"6":0,"7":0},"b":{},"_coverageSchema":"1a1c01bbd47fc00a2c39e90264f33305004495a9","hash":"1f66d83145b97a7622a0386836b2e07b73be5f08"}
,"C:\\Users\\daniel\\code\\school\\syncopate\\client\\src\\spotifyService.js": {"path":"C:\\Users\\daniel\\code\\school\\syncopate\\client\\src\\spotifyService.js","statementMap":{"0":{"start":{"line":13,"column":13},"end":{"line":13,"column":18}},"1":{"start":{"line":23,"column":8},"end":{"line":23,"column":28}},"2":{"start":{"line":31,"column":8},"end":{"line":31,"column":18}},"3":{"start":{"line":39,"column":8},"end":{"line":39,"column":22}},"4":{"start":{"line":46,"column":8},"end":{"line":74,"column":9}},"5":{"start":{"line":47,"column":12},"end":{"line":47,"column":72}},"6":{"start":{"line":49,"column":12},"end":{"line":71,"column":13}},"7":{"start":{"line":50,"column":29},"end":{"line":60,"column":26}},"8":{"start":{"line":54,"column":36},"end":{"line":54,"column":43}},"9":{"start":{"line":55,"column":24},"end":{"line":58,"column":25}},"10":{"start":{"line":56,"column":42},"end":{"line":56,"column":57}},"11":{"start":{"line":57,"column":28},"end":{"line":57,"column":73}},"12":{"start":{"line":59,"column":24},"end":{"line":59,"column":35}},"13":{"start":{"line":62,"column":16},"end":{"line":62,"column":42}},"14":{"start":{"line":63,"column":16},"end":{"line":63,"column":49}},"15":{"start":{"line":64,"column":16},"end":{"line":64,"column":51}},"16":{"start":{"line":65,"column":16},"end":{"line":67,"column":17}},"17":{"start":{"line":66,"column":20},"end":{"line":66,"column":79}},"18":{"start":{"line":68,"column":16},"end":{"line":70,"column":17}},"19":{"start":{"line":69,"column":20},"end":{"line":69,"column":81}},"20":{"start":{"line":73,"column":12},"end":{"line":73,"column":36}},"21":{"start":{"line":75,"column":8},"end":{"line":80,"column":9}},"22":{"start":{"line":76,"column":12},"end":{"line":79,"column":15}},"23":{"start":{"line":77,"column":16},"end":{"line":77,"column":25}},"24":{"start":{"line":78,"column":16},"end":{"line":78,"column":32}}},"fnMap":{"0":{"name":"(anonymous_0)","decl":{"start":{"line":22,"column":4},"end":{"line":22,"column":5}},"loc":{"start":{"line":22,"column":21},"end":{"line":24,"column":5}},"line":22},"1":{"name":"(anonymous_1)","decl":{"start":{"line":30,"column":4},"end":{"line":30,"column":5}},"loc":{"start":{"line":30,"column":12},"end":{"line":32,"column":5}},"line":30},"2":{"name":"(anonymous_2)","decl":{"start":{"line":38,"column":4},"end":{"line":38,"column":5}},"loc":{"start":{"line":38,"column":13},"end":{"line":40,"column":5}},"line":38},"3":{"name":"(anonymous_3)","decl":{"start":{"line":45,"column":4},"end":{"line":45,"column":5}},"loc":{"start":{"line":45,"column":16},"end":{"line":81,"column":5}},"line":45},"4":{"name":"(anonymous_4)","decl":{"start":{"line":53,"column":28},"end":{"line":53,"column":29}},"loc":{"start":{"line":53,"column":47},"end":{"line":60,"column":21}},"line":53},"5":{"name":"(anonymous_5)","decl":{"start":{"line":76,"column":54},"end":{"line":76,"column":55}},"loc":{"start":{"line":76,"column":63},"end":{"line":79,"column":13}},"line":76}},"branchMap":{"0":{"loc":{"start":{"line":46,"column":8},"end":{"line":74,"column":9}},"type":"if","locations":[{"start":{"line":46,"column":8},"end":{"line":74,"column":9}},{"start":{"line":46,"column":8},"end":{"line":74,"column":9}}],"line":46},"1":{"loc":{"start":{"line":49,"column":12},"end":{"line":71,"column":13}},"type":"if","locations":[{"start":{"line":49,"column":12},"end":{"line":71,"column":13}},{"start":{"line":49,"column":12},"end":{"line":71,"column":13}}],"line":49},"2":{"loc":{"start":{"line":55,"column":24},"end":{"line":58,"column":25}},"type":"if","locations":[{"start":{"line":55,"column":24},"end":{"line":58,"column":25}},{"start":{"line":55,"column":24},"end":{"line":58,"column":25}}],"line":55},"3":{"loc":{"start":{"line":65,"column":16},"end":{"line":67,"column":17}},"type":"if","locations":[{"start":{"line":65,"column":16},"end":{"line":67,"column":17}},{"start":{"line":65,"column":16},"end":{"line":67,"column":17}}],"line":65},"4":{"loc":{"start":{"line":68,"column":16},"end":{"line":70,"column":17}},"type":"if","locations":[{"start":{"line":68,"column":16},"end":{"line":70,"column":17}},{"start":{"line":68,"column":16},"end":{"line":70,"column":17}}],"line":68},"5":{"loc":{"start":{"line":75,"column":8},"end":{"line":80,"column":9}},"type":"if","locations":[{"start":{"line":75,"column":8},"end":{"line":80,"column":9}},{"start":{"line":75,"column":8},"end":{"line":80,"column":9}}],"line":75}},"s":{"0":5,"1":6,"2":3,"3":12,"4":6,"5":6,"6":6,"7":6,"8":6,"9":6,"10":0,"11":0,"12":6,"13":6,"14":6,"15":6,"16":6,"17":0,"18":6,"19":0,"20":6,"21":6,"22":0,"23":0,"24":0},"f":{"0":6,"1":3,"2":12,"3":6,"4":6,"5":0},"b":{"0":[6,0],"1":[6,0],"2":[0,6],"3":[0,6],"4":[0,6],"5":[0,6]},"_coverageSchema":"1a1c01bbd47fc00a2c39e90264f33305004495a9","hash":"5f05b2a20b4fd50ec0fa4c177aa7a12f616c3ac9"}
,"C:\\Users\\daniel\\code\\school\\syncopate\\client\\src\\components\\App.jsx": {"path":"C:\\Users\\daniel\\code\\school\\syncopate\\client\\src\\components\\App.jsx","statementMap":{"0":{"start":{"line":14,"column":4},"end":{"line":23,"column":6}}},"fnMap":{"0":{"name":"App","decl":{"start":{"line":13,"column":9},"end":{"line":13,"column":12}},"loc":{"start":{"line":13,"column":15},"end":{"line":24,"column":1}},"line":13}},"branchMap":{},"s":{"0":1},"f":{"0":1},"b":{},"_coverageSchema":"1a1c01bbd47fc00a2c39e90264f33305004495a9","hash":"8f54352b473abd281f5f5ccd57836401cab85646"}
,"C:\\Users\\daniel\\code\\school\\syncopate\\client\\src\\components\\Controls.jsx": {"path":"C:\\Users\\daniel\\code\\school\\syncopate\\client\\src\\components\\Controls.jsx","statementMap":{"0":{"start":{"line":10,"column":4},"end":{"line":16,"column":6}}},"fnMap":{"0":{"name":"Controls","decl":{"start":{"line":9,"column":9},"end":{"line":9,"column":17}},"loc":{"start":{"line":9,"column":20},"end":{"line":17,"column":1}},"line":9}},"branchMap":{},"s":{"0":1},"f":{"0":1},"b":{},"_coverageSchema":"1a1c01bbd47fc00a2c39e90264f33305004495a9","hash":"9e8f6eeef96618be880548be69c2ad9b31be390a"}
,"C:\\Users\\daniel\\code\\school\\syncopate\\client\\src\\components\\Form.jsx": {"path":"C:\\Users\\daniel\\code\\school\\syncopate\\client\\src\\components\\Form.jsx","statementMap":{"0":{"start":{"line":7,"column":8},"end":{"line":7,"column":64}},"1":{"start":{"line":11,"column":8},"end":{"line":18,"column":10}}},"fnMap":{"0":{"name":"(anonymous_0)","decl":{"start":{"line":6,"column":4},"end":{"line":6,"column":5}},"loc":{"start":{"line":6,"column":16},"end":{"line":8,"column":5}},"line":6},"1":{"name":"(anonymous_1)","decl":{"start":{"line":10,"column":4},"end":{"line":10,"column":5}},"loc":{"start":{"line":10,"column":13},"end":{"line":19,"column":5}},"line":10}},"branchMap":{},"s":{"0":0,"1":1},"f":{"0":0,"1":1},"b":{},"_coverageSchema":"1a1c01bbd47fc00a2c39e90264f33305004495a9","hash":"6992e00d9edbae2855b19760dd47d5b2dc9471ea"}
,"C:\\Users\\daniel\\code\\school\\syncopate\\client\\src\\components\\Landing.jsx": {"path":"C:\\Users\\daniel\\code\\school\\syncopate\\client\\src\\components\\Landing.jsx","statementMap":{"0":{"start":{"line":13,"column":4},"end":{"line":37,"column":6}}},"fnMap":{"0":{"name":"Landing","decl":{"start":{"line":12,"column":9},"end":{"line":12,"column":16}},"loc":{"start":{"line":12,"column":19},"end":{"line":38,"column":1}},"line":12}},"branchMap":{},"s":{"0":2},"f":{"0":2},"b":{},"_coverageSchema":"1a1c01bbd47fc00a2c39e90264f33305004495a9","hash":"3bdf453ada4409601432c5b8b7fe185ac3ad6331"}
,"C:\\Users\\daniel\\code\\school\\syncopate\\client\\src\\components\\LoginButtons.jsx": {"path":"C:\\Users\\daniel\\code\\school\\syncopate\\client\\src\\components\\LoginButtons.jsx","statementMap":{"0":{"start":{"line":16,"column":8},"end":{"line":16,"column":21}},"1":{"start":{"line":17,"column":8},"end":{"line":20,"column":10}},"2":{"start":{"line":21,"column":8},"end":{"line":21,"column":59}},"3":{"start":{"line":22,"column":8},"end":{"line":22,"column":53}},"4":{"start":{"line":26,"column":8},"end":{"line":31,"column":9}},"5":{"start":{"line":27,"column":12},"end":{"line":27,"column":39}},"6":{"start":{"line":28,"column":12},"end":{"line":30,"column":16}},"7":{"start":{"line":28,"column":33},"end":{"line":30,"column":13}},"8":{"start":{"line":32,"column":8},"end":{"line":32,"column":53}},"9":{"start":{"line":36,"column":25},"end":{"line":36,"column":35}},"10":{"start":{"line":37,"column":8},"end":{"line":37,"column":39}},"11":{"start":{"line":41,"column":8},"end":{"line":41,"column":39}},"12":{"start":{"line":45,"column":33},"end":{"line":45,"column":43}},"13":{"start":{"line":46,"column":8},"end":{"line":55,"column":9}},"14":{"start":{"line":47,"column":12},"end":{"line":54,"column":14}},"15":{"start":{"line":56,"column":8},"end":{"line":60,"column":10}}},"fnMap":{"0":{"name":"(anonymous_0)","decl":{"start":{"line":15,"column":4},"end":{"line":15,"column":5}},"loc":{"start":{"line":15,"column":23},"end":{"line":23,"column":5}},"line":15},"1":{"name":"(anonymous_1)","decl":{"start":{"line":25,"column":4},"end":{"line":25,"column":5}},"loc":{"start":{"line":25,"column":24},"end":{"line":33,"column":5}},"line":25},"2":{"name":"(anonymous_2)","decl":{"start":{"line":28,"column":26},"end":{"line":28,"column":27}},"loc":{"start":{"line":28,"column":33},"end":{"line":30,"column":13}},"line":28},"3":{"name":"(anonymous_3)","decl":{"start":{"line":35,"column":4},"end":{"line":35,"column":5}},"loc":{"start":{"line":35,"column":17},"end":{"line":38,"column":5}},"line":35},"4":{"name":"(anonymous_4)","decl":{"start":{"line":40,"column":4},"end":{"line":40,"column":5}},"loc":{"start":{"line":40,"column":20},"end":{"line":42,"column":5}},"line":40},"5":{"name":"(anonymous_5)","decl":{"start":{"line":44,"column":4},"end":{"line":44,"column":5}},"loc":{"start":{"line":44,"column":13},"end":{"line":61,"column":5}},"line":44}},"branchMap":{"0":{"loc":{"start":{"line":26,"column":8},"end":{"line":31,"column":9}},"type":"if","locations":[{"start":{"line":26,"column":8},"end":{"line":31,"column":9}},{"start":{"line":26,"column":8},"end":{"line":31,"column":9}}],"line":26},"1":{"loc":{"start":{"line":46,"column":8},"end":{"line":55,"column":9}},"type":"if","locations":[{"start":{"line":46,"column":8},"end":{"line":55,"column":9}},{"start":{"line":46,"column":8},"end":{"line":55,"column":9}}],"line":46},"2":{"loc":{"start":{"line":51,"column":21},"end":{"line":51,"column":37}},"type":"binary-expr","locations":[{"start":{"line":51,"column":21},"end":{"line":51,"column":25}},{"start":{"line":51,"column":29},"end":{"line":51,"column":37}}],"line":51}},"s":{"0":3,"1":3,"2":3,"3":3,"4":3,"5":3,"6":3,"7":3,"8":3,"9":0,"10":0,"11":0,"12":6,"13":6,"14":0,"15":6},"f":{"0":3,"1":3,"2":3,"3":0,"4":0,"5":6},"b":{"0":[3,0],"1":[0,6],"2":[0,0]},"_coverageSchema":"1a1c01bbd47fc00a2c39e90264f33305004495a9","hash":"460ed87ee6e6c54c5b3d73044a30cb512d673224"}
,"C:\\Users\\daniel\\code\\school\\syncopate\\client\\src\\components\\Searchbar.jsx": {"path":"C:\\Users\\daniel\\code\\school\\syncopate\\client\\src\\components\\Searchbar.jsx","statementMap":{"0":{"start":{"line":9,"column":4},"end":{"line":13,"column":6}}},"fnMap":{"0":{"name":"Searchbar","decl":{"start":{"line":8,"column":9},"end":{"line":8,"column":18}},"loc":{"start":{"line":8,"column":21},"end":{"line":14,"column":1}},"line":8}},"branchMap":{},"s":{"0":2},"f":{"0":2},"b":{},"_coverageSchema":"1a1c01bbd47fc00a2c39e90264f33305004495a9","hash":"ebddcb485f98685c8482184a882922aa6cbc8681"}
,"C:\\Users\\daniel\\code\\school\\syncopate\\client\\src\\components\\Session.jsx": {"path":"C:\\Users\\daniel\\code\\school\\syncopate\\client\\src\\components\\Session.jsx","statementMap":{"0":{"start":{"line":16,"column":4},"end":{"line":32,"column":6}}},"fnMap":{"0":{"name":"Session","decl":{"start":{"line":15,"column":9},"end":{"line":15,"column":16}},"loc":{"start":{"line":15,"column":19},"end":{"line":33,"column":1}},"line":15}},"branchMap":{},"s":{"0":2},"f":{"0":2},"b":{},"_coverageSchema":"1a1c01bbd47fc00a2c39e90264f33305004495a9","hash":"bd5bfa70db7f6939f04c761f926c5579de42635b"}
,"C:\\Users\\daniel\\code\\school\\syncopate\\client\\src\\components\\SongDisplay.jsx": {"path":"C:\\Users\\daniel\\code\\school\\syncopate\\client\\src\\components\\SongDisplay.jsx","statementMap":{"0":{"start":{"line":9,"column":4},"end":{"line":16,"column":6}}},"fnMap":{"0":{"name":"SongDisplay","decl":{"start":{"line":8,"column":9},"end":{"line":8,"column":20}},"loc":{"start":{"line":8,"column":54},"end":{"line":17,"column":1}},"line":8}},"branchMap":{},"s":{"0":1},"f":{"0":1},"b":{},"_coverageSchema":"1a1c01bbd47fc00a2c39e90264f33305004495a9","hash":"d921c8d4b5d14ccb2c99d1a49bb7679b53f55cc4"}
,"C:\\Users\\daniel\\code\\school\\syncopate\\client\\src\\components\\SpotifyAuth.jsx": {"path":"C:\\Users\\daniel\\code\\school\\syncopate\\client\\src\\components\\SpotifyAuth.jsx","statementMap":{"0":{"start":{"line":9,"column":4},"end":{"line":20,"column":6}}},"fnMap":{"0":{"name":"SpotifyAuth","decl":{"start":{"line":8,"column":9},"end":{"line":8,"column":20}},"loc":{"start":{"line":8,"column":23},"end":{"line":21,"column":1}},"line":8}},"branchMap":{},"s":{"0":6},"f":{"0":6},"b":{},"_coverageSchema":"1a1c01bbd47fc00a2c39e90264f33305004495a9","hash":"6ef75414da3263e6dffbb7d84a2a1793e111ae30"}
,"C:\\Users\\daniel\\code\\school\\syncopate\\client\\src\\components\\User.jsx": {"path":"C:\\Users\\daniel\\code\\school\\syncopate\\client\\src\\components\\User.jsx","statementMap":{"0":{"start":{"line":11,"column":4},"end":{"line":16,"column":6}}},"fnMap":{"0":{"name":"User","decl":{"start":{"line":10,"column":9},"end":{"line":10,"column":13}},"loc":{"start":{"line":10,"column":37},"end":{"line":17,"column":1}},"line":10}},"branchMap":{},"s":{"0":5},"f":{"0":5},"b":{},"_coverageSchema":"1a1c01bbd47fc00a2c39e90264f33305004495a9","hash":"2920c63b67267ece61aba2b8a5cedf31cb510882"}
,"C:\\Users\\daniel\\code\\school\\syncopate\\client\\src\\components\\UserDisplay.jsx": {"path":"C:\\Users\\daniel\\code\\school\\syncopate\\client\\src\\components\\UserDisplay.jsx","statementMap":{"0":{"start":{"line":11,"column":8},"end":{"line":11,"column":21}},"1":{"start":{"line":12,"column":8},"end":{"line":15,"column":10}},"2":{"start":{"line":19,"column":31},"end":{"line":19,"column":41}},"3":{"start":{"line":20,"column":8},"end":{"line":30,"column":9}},"4":{"start":{"line":21,"column":12},"end":{"line":29,"column":14}},"5":{"start":{"line":31,"column":8},"end":{"line":31,"column":20}}},"fnMap":{"0":{"name":"(anonymous_0)","decl":{"start":{"line":10,"column":4},"end":{"line":10,"column":5}},"loc":{"start":{"line":10,"column":23},"end":{"line":16,"column":5}},"line":10},"1":{"name":"(anonymous_1)","decl":{"start":{"line":18,"column":4},"end":{"line":18,"column":5}},"loc":{"start":{"line":18,"column":13},"end":{"line":32,"column":5}},"line":18}},"branchMap":{"0":{"loc":{"start":{"line":20,"column":8},"end":{"line":30,"column":9}},"type":"if","locations":[{"start":{"line":20,"column":8},"end":{"line":30,"column":9}},{"start":{"line":20,"column":8},"end":{"line":30,"column":9}}],"line":20}},"s":{"0":2,"1":2,"2":2,"3":2,"4":0,"5":2},"f":{"0":2,"1":2},"b":{"0":[0,2]},"_coverageSchema":"1a1c01bbd47fc00a2c39e90264f33305004495a9","hash":"90f24e35396deb0ad1e5e419b3fbc2b12b642d57"}
,"C:\\Users\\daniel\\code\\school\\syncopate\\client\\src\\components\\Userbar.jsx": {"path":"C:\\Users\\daniel\\code\\school\\syncopate\\client\\src\\components\\Userbar.jsx","statementMap":{"0":{"start":{"line":10,"column":4},"end":{"line":18,"column":6}}},"fnMap":{"0":{"name":"UserBar","decl":{"start":{"line":9,"column":9},"end":{"line":9,"column":16}},"loc":{"start":{"line":9,"column":19},"end":{"line":19,"column":1}},"line":9}},"branchMap":{},"s":{"0":2},"f":{"0":2},"b":{},"_coverageSchema":"1a1c01bbd47fc00a2c39e90264f33305004495a9","hash":"c5f243fd5a6db45ec127ef3b1650176b8c256f7e"}
}
