TN:
SF:src\sessionService.js
FN:20,(anonymous_0)
FN:28,(anonymous_1)
FN:35,(anonymous_2)
FN:37,(anonymous_3)
FN:46,(anonymous_4)
FN:49,(anonymous_5)
FN:59,(anonymous_6)
FN:61,(anonymous_7)
FNF:8
FNH:3
FNDA:2,(anonymous_0)
FNDA:1,(anonymous_1)
FNDA:2,(anonymous_2)
FNDA:0,(anonymous_3)
FNDA:0,(anonymous_4)
FNDA:0,(anonymous_5)
FNDA:0,(anonymous_6)
FNDA:0,(anonymous_7)
DA:13,7
DA:21,2
DA:29,1
DA:36,2
DA:37,2
DA:38,0
DA:47,0
DA:48,0
DA:49,0
DA:50,0
DA:60,0
DA:61,0
DA:62,0
LF:13
LH:5
BRF:0
BRH:0
end_of_record
TN:
SF:src\spotifyService.js
FN:22,(anonymous_0)
FN:30,(anonymous_1)
FN:38,(anonymous_2)
FN:45,(anonymous_3)
FN:53,(anonymous_4)
FN:76,(anonymous_5)
FNF:6
FNH:5
FNDA:6,(anonymous_0)
FNDA:3,(anonymous_1)
FNDA:12,(anonymous_2)
FNDA:6,(anonymous_3)
FNDA:6,(anonymous_4)
FNDA:0,(anonymous_5)
DA:13,5
DA:23,6
DA:31,3
DA:39,12
DA:46,6
DA:47,6
DA:49,6
DA:50,6
DA:54,6
DA:55,6
DA:56,0
DA:57,0
DA:59,6
DA:62,6
DA:63,6
DA:64,6
DA:65,6
DA:66,0
DA:68,6
DA:69,0
DA:73,6
DA:75,6
DA:76,0
DA:77,0
DA:78,0
LF:25
LH:18
BRDA:46,0,0,6
BRDA:46,0,1,0
BRDA:49,1,0,6
BRDA:49,1,1,0
BRDA:55,2,0,0
BRDA:55,2,1,6
BRDA:65,3,0,0
BRDA:65,3,1,6
BRDA:68,4,0,0
BRDA:68,4,1,6
BRDA:75,5,0,0
BRDA:75,5,1,6
BRF:12
BRH:6
end_of_record
TN:
SF:src\components\App.jsx
FN:13,App
FNF:1
FNH:1
FNDA:1,App
DA:14,1
LF:1
LH:1
BRF:0
BRH:0
end_of_record
TN:
SF:src\components\Controls.jsx
FN:9,Controls
FNF:1
FNH:1
FNDA:1,Controls
DA:10,1
LF:1
LH:1
BRF:0
BRH:0
end_of_record
TN:
SF:src\components\Form.jsx
FN:6,(anonymous_0)
FN:10,(anonymous_1)
FNF:2
FNH:1
FNDA:0,(anonymous_0)
FNDA:1,(anonymous_1)
DA:7,0
DA:11,1
LF:2
LH:1
BRF:0
BRH:0
end_of_record
TN:
SF:src\components\Landing.jsx
FN:12,Landing
FNF:1
FNH:1
FNDA:2,Landing
DA:13,2
LF:1
LH:1
BRF:0
BRH:0
end_of_record
TN:
SF:src\components\LoginButtons.jsx
FN:15,(anonymous_0)
FN:25,(anonymous_1)
FN:28,(anonymous_2)
FN:35,(anonymous_3)
FN:40,(anonymous_4)
FN:44,(anonymous_5)
FNF:6
FNH:4
FNDA:3,(anonymous_0)
FNDA:3,(anonymous_1)
FNDA:3,(anonymous_2)
FNDA:0,(anonymous_3)
FNDA:0,(anonymous_4)
FNDA:6,(anonymous_5)
DA:16,3
DA:17,3
DA:21,3
DA:22,3
DA:26,3
DA:27,3
DA:28,3
DA:32,3
DA:36,0
DA:37,0
DA:41,0
DA:45,6
DA:46,6
DA:47,0
DA:56,6
LF:15
LH:11
BRDA:26,0,0,3
BRDA:26,0,1,0
BRDA:46,1,0,0
BRDA:46,1,1,6
BRDA:51,2,0,0
BRDA:51,2,1,0
BRF:6
BRH:2
end_of_record
TN:
SF:src\components\Searchbar.jsx
FN:8,Searchbar
FNF:1
FNH:1
FNDA:2,Searchbar
DA:9,2
LF:1
LH:1
BRF:0
BRH:0
end_of_record
TN:
SF:src\components\Session.jsx
FN:15,Session
FNF:1
FNH:1
FNDA:2,Session
DA:16,2
LF:1
LH:1
BRF:0
BRH:0
end_of_record
TN:
SF:src\components\SongDisplay.jsx
FN:8,SongDisplay
FNF:1
FNH:1
FNDA:1,SongDisplay
DA:9,1
LF:1
LH:1
BRF:0
BRH:0
end_of_record
TN:
SF:src\components\SpotifyAuth.jsx
FN:8,SpotifyAuth
FNF:1
FNH:1
FNDA:6,SpotifyAuth
DA:9,6
LF:1
LH:1
BRF:0
BRH:0
end_of_record
TN:
SF:src\components\User.jsx
FN:10,User
FNF:1
FNH:1
FNDA:5,User
DA:11,5
LF:1
LH:1
BRF:0
BRH:0
end_of_record
TN:
SF:src\components\UserDisplay.jsx
FN:10,(anonymous_0)
FN:18,(anonymous_1)
FNF:2
FNH:2
FNDA:2,(anonymous_0)
FNDA:2,(anonymous_1)
DA:11,2
DA:12,2
DA:19,2
DA:20,2
DA:21,0
DA:31,2
LF:6
LH:5
BRDA:20,0,0,0
BRDA:20,0,1,2
BRF:2
BRH:1
end_of_record
TN:
SF:src\components\Userbar.jsx
FN:9,UserBar
FNF:1
FNH:1
FNDA:2,UserBar
DA:10,2
LF:1
LH:1
BRF:0
BRH:0
end_of_record
